-------------------------------------------------------------------------------
Test set: portfolio.portfolio.controller.ProductControllerLightIntegrationTest
-------------------------------------------------------------------------------
Tests run: 1, Failures: 0, Errors: 1, Skipped: 0, Time elapsed: 2.165 s <<< FAILURE! - in portfolio.portfolio.controller.ProductControllerLightIntegrationTest
httpGet_returnsGivenTask  Time elapsed: 0 s  <<< ERROR!
java.lang.IllegalStateException: Failed to load ApplicationContext
Caused by: org.springframework.beans.factory.UnsatisfiedDependencyException: Error creating bean with name 'securityConfig' defined in file [C:\Users\Bartekk\Desktop\portfolio\target\classes\portfolio\portfolio\security\SecurityConfig.class]: Unsatisfied dependency expressed through constructor parameter 0; nested exception is org.springframework.beans.factory.NoSuchBeanDefinitionException: No qualifying bean of type 'portfolio.portfolio.logic.UserService' available: expected at least 1 bean which qualifies as autowire candidate. Dependency annotations: {}
Caused by: org.springframework.beans.factory.NoSuchBeanDefinitionException: No qualifying bean of type 'portfolio.portfolio.logic.UserService' available: expected at least 1 bean which qualifies as autowire candidate. Dependency annotations: {}

